# JRE version: Java(TM) SE Runtime Environment (8.0_121-b13) (build 1.8.0_121-b13)
# Java VM: Java HotSpot(TM) 64-Bit Server VM (25.121-b13 mixed mode windows-amd64 compressed oops)
Heap:
 PSYoungGen      total 280576K, used 276421K [0x000000076b200000, 0x000000077e200000, 0x00000007c0000000)
  eden space 258048K, 98% used [0x000000076b200000,0x000000077a9f1cc8,0x000000077ae00000)
  from space 22528K, 99% used [0x000000077c700000,0x000000077dcffad8,0x000000077dd00000)
  to   space 25600K, 0% used [0x000000077ae00000,0x000000077ae00000,0x000000077c700000)
 ParOldGen       total 303616K, used 41767K [0x00000006c1600000, 0x00000006d3e80000, 0x000000076b200000)
  object space 303616K, 13% used [0x00000006c1600000,0x00000006c3ec9fa8,0x00000006d3e80000)
 Metaspace       used 77856K, capacity 81358K, committed 81664K, reserved 1120256K
  class space    used 9810K, capacity 10410K, committed 10496K, reserved 1048576K
GC Heap History (10 events):
Event: 39.627 GC heap before
{Heap before GC invocations=17 (full 3):
 PSYoungGen      total 192000K, used 171520K [0x000000076b200000, 0x0000000779b80000, 0x00000007c0000000)
  eden space 171520K, 100% used [0x000000076b200000,0x0000000775980000,0x0000000775980000)
  from space 20480K, 0% used [0x0000000775980000,0x0000000775980000,0x0000000776d80000)
  to   space 21504K, 0% used [0x0000000778680000,0x0000000778680000,0x0000000779b80000)
 ParOldGen       total 303616K, used 40848K [0x00000006c1600000, 0x00000006d3e80000, 0x000000076b200000)
  object space 303616K, 13% used [0x00000006c1600000,0x00000006c3de4328,0x00000006d3e80000)
 Metaspace       used 59332K, capacity 61576K, committed 61824K, reserved 1103872K
  class space    used 7543K, capacity 7978K, committed 8064K, reserved 1048576K
Event: 39.637 GC heap after
Heap after GC invocations=17 (full 3):
 PSYoungGen      total 218624K, used 9913K [0x000000076b200000, 0x0000000779c00000, 0x00000007c0000000)
  eden space 197120K, 0% used [0x000000076b200000,0x000000076b200000,0x0000000777280000)
  from space 21504K, 46% used [0x0000000778680000,0x000000077902e760,0x0000000779b80000)
  to   space 20480K, 0% used [0x0000000777280000,0x0000000777280000,0x0000000778680000)
 ParOldGen       total 303616K, used 40856K [0x00000006c1600000, 0x00000006d3e80000, 0x000000076b200000)
  object space 303616K, 13% used [0x00000006c1600000,0x00000006c3de6328,0x00000006d3e80000)
 Metaspace       used 59332K, capacity 61576K, committed 61824K, reserved 1103872K
  class space    used 7543K, capacity 7978K, committed 8064K, reserved 1048576K
}
Event: 40.902 GC heap before
{Heap before GC invocations=18 (full 3):
 PSYoungGen      total 218624K, used 207033K [0x000000076b200000, 0x0000000779c00000, 0x00000007c0000000)
  eden space 197120K, 100% used [0x000000076b200000,0x0000000777280000,0x0000000777280000)
  from space 21504K, 46% used [0x0000000778680000,0x000000077902e760,0x0000000779b80000)
  to   space 20480K, 0% used [0x0000000777280000,0x0000000777280000,0x0000000778680000)
 ParOldGen       total 303616K, used 40856K [0x00000006c1600000, 0x00000006d3e80000, 0x000000076b200000)
  object space 303616K, 13% used [0x00000006c1600000,0x00000006c3de6328,0x00000006d3e80000)
 Metaspace       used 61548K, capacity 63918K, committed 64128K, reserved 1105920K
  class space    used 7823K, capacity 8301K, committed 8320K, reserved 1048576K
Event: 40.909 GC heap after
Heap after GC invocations=18 (full 3):
 PSYoungGen      total 217600K, used 11615K [0x000000076b200000, 0x000000077bb00000, 0x00000007c0000000)
  eden space 197120K, 0% used [0x000000076b200000,0x000000076b200000,0x0000000777280000)
  from space 20480K, 56% used [0x0000000777280000,0x0000000777dd7da8,0x0000000778680000)
  to   space 19968K, 0% used [0x000000077a780000,0x000000077a780000,0x000000077bb00000)
 ParOldGen       total 303616K, used 40864K [0x00000006c1600000, 0x00000006d3e80000, 0x000000076b200000)
  object space 303616K, 13% used [0x00000006c1600000,0x00000006c3de8328,0x00000006d3e80000)
 Metaspace       used 61548K, capacity 63918K, committed 64128K, reserved 1105920K
  class space    used 7823K, capacity 8301K, committed 8320K, reserved 1048576K
}
Event: 42.560 GC heap before
{Heap before GC invocations=19 (full 3):
 PSYoungGen      total 217600K, used 208735K [0x000000076b200000, 0x000000077bb00000, 0x00000007c0000000)
  eden space 197120K, 100% used [0x000000076b200000,0x0000000777280000,0x0000000777280000)
  from space 20480K, 56% used [0x0000000777280000,0x0000000777dd7da8,0x0000000778680000)
  to   space 19968K, 0% used [0x000000077a780000,0x000000077a780000,0x000000077bb00000)
 ParOldGen       total 303616K, used 40864K [0x00000006c1600000, 0x00000006d3e80000, 0x000000076b200000)
  object space 303616K, 13% used [0x00000006c1600000,0x00000006c3de8328,0x00000006d3e80000)
 Metaspace       used 63385K, capacity 65824K, committed 65920K, reserved 1105920K
  class space    used 8021K, capacity 8512K, committed 8576K, reserved 1048576K
Event: 42.570 GC heap after
Heap after GC invocations=19 (full 3):
 PSYoungGen      total 250880K, used 14721K [0x000000076b200000, 0x000000077bf00000, 0x00000007c0000000)
  eden space 230912K, 0% used [0x000000076b200000,0x000000076b200000,0x0000000779380000)
  from space 19968K, 73% used [0x000000077a780000,0x000000077b5e0640,0x000000077bb00000)
  to   space 20480K, 0% used [0x0000000779380000,0x0000000779380000,0x000000077a780000)
 ParOldGen       total 303616K, used 40872K [0x00000006c1600000, 0x00000006d3e80000, 0x000000076b200000)
  object space 303616K, 13% used [0x00000006c1600000,0x00000006c3dea328,0x00000006d3e80000)
 Metaspace       used 63385K, capacity 65824K, committed 65920K, reserved 1105920K
  class space    used 8021K, capacity 8512K, committed 8576K, reserved 1048576K
}
Event: 44.613 GC heap before
{Heap before GC invocations=20 (full 3):
 PSYoungGen      total 250880K, used 245633K [0x000000076b200000, 0x000000077bf00000, 0x00000007c0000000)
  eden space 230912K, 100% used [0x000000076b200000,0x0000000779380000,0x0000000779380000)
  from space 19968K, 73% used [0x000000077a780000,0x000000077b5e0640,0x000000077bb00000)
  to   space 20480K, 0% used [0x0000000779380000,0x0000000779380000,0x000000077a780000)
 ParOldGen       total 303616K, used 40872K [0x00000006c1600000, 0x00000006d3e80000, 0x000000076b200000)
  object space 303616K, 13% used [0x00000006c1600000,0x00000006c3dea328,0x00000006d3e80000)
 Metaspace       used 66402K, capacity 69006K, committed 69248K, reserved 1110016K
  class space    used 8466K, capacity 8966K, committed 9088K, reserved 1048576K
Event: 44.624 GC heap after
Heap after GC invocations=20 (full 3):
 PSYoungGen      total 251392K, used 17491K [0x000000076b200000, 0x000000077dd00000, 0x00000007c0000000)
  eden space 230912K, 0% used [0x000000076b200000,0x000000076b200000,0x0000000779380000)
  from space 20480K, 85% used [0x0000000779380000,0x000000077a494fa0,0x000000077a780000)
  to   space 22528K, 0% used [0x000000077c700000,0x000000077c700000,0x000000077dd00000)
 ParOldGen       total 303616K, used 40880K [0x00000006c1600000, 0x00000006d3e80000, 0x000000076b200000)
  object space 303616K, 13% used [0x00000006c1600000,0x00000006c3dec328,0x00000006d3e80000)
 Metaspace       used 66402K, capacity 69006K, committed 69248K, reserved 1110016K
  class space    used 8466K, capacity 8966K, committed 9088K, reserved 1048576K
}
Event: 48.192 GC heap before
{Heap before GC invocations=21 (full 3):
 PSYoungGen      total 251392K, used 248403K [0x000000076b200000, 0x000000077dd00000, 0x00000007c0000000)
  eden space 230912K, 100% used [0x000000076b200000,0x0000000779380000,0x0000000779380000)
  from space 20480K, 85% used [0x0000000779380000,0x000000077a494fa0,0x000000077a780000)
  to   space 22528K, 0% used [0x000000077c700000,0x000000077c700000,0x000000077dd00000)
 ParOldGen       total 303616K, used 40880K [0x00000006c1600000, 0x00000006d3e80000, 0x000000076b200000)
  object space 303616K, 13% used [0x00000006c1600000,0x00000006c3dec328,0x00000006d3e80000)
 Metaspace       used 73176K, capacity 76302K, committed 76416K, reserved 1116160K
  class space    used 9244K, capacity 9794K, committed 9856K, reserved 1048576K
Event: 48.206 GC heap after
Heap after GC invocations=21 (full 3):
 PSYoungGen      total 280576K, used 22526K [0x000000076b200000, 0x000000077e200000, 0x00000007c0000000)
  eden space 258048K, 0% used [0x000000076b200000,0x000000076b200000,0x000000077ae00000)
  from space 22528K, 99% used [0x000000077c700000,0x000000077dcffad8,0x000000077dd00000)
  to   space 25600K, 0% used [0x000000077ae00000,0x000000077ae00000,0x000000077c700000)
 ParOldGen       total 303616K, used 41767K [0x00000006c1600000, 0x00000006d3e80000, 0x000000076b200000)
  object space 303616K, 13% used [0x00000006c1600000,0x00000006c3ec9fa8,0x00000006d3e80000)
 Metaspace       used 73176K, capacity 76302K, committed 76416K, reserved 1116160K
  class space    used 9244K, capacity 9794K, committed 9856K, reserved 1048576K
}

