# JRE version: Java(TM) SE Runtime Environment (8.0_121-b13) (build 1.8.0_121-b13)
# Java VM: Java HotSpot(TM) 64-Bit Server VM (25.121-b13 mixed mode windows-amd64 compressed oops)
Heap:
 PSYoungGen      total 615936K, used 106446K [0x000000076b200000, 0x000000079c080000, 0x00000007c0000000)
  eden space 567296K, 15% used [0x000000076b200000,0x00000007709ab748,0x000000078dc00000)
  from space 48640K, 34% used [0x0000000790a80000,0x0000000791ac84b0,0x0000000793a00000)
  to   space 47616K, 0% used [0x000000078dc00000,0x000000078dc00000,0x0000000790a80000)
 ParOldGen       total 158208K, used 90784K [0x00000006c1600000, 0x00000006cb080000, 0x000000076b200000)
  object space 158208K, 57% used [0x00000006c1600000,0x00000006c6ea8140,0x00000006cb080000)
 Metaspace       used 27021K, capacity 27978K, committed 28160K, reserved 1075200K
  class space    used 3054K, capacity 3292K, committed 3328K, reserved 1048576K
GC Heap History (10 events):
Event: 12.036 GC heap before
{Heap before GC invocations=7 (full 0):
 PSYoungGen      total 283136K, used 207446K [0x000000076b200000, 0x000000077e700000, 0x00000007c0000000)
  eden space 259072K, 71% used [0x000000076b200000,0x0000000776693b28,0x000000077af00000)
  from space 24064K, 93% used [0x000000077c980000,0x000000077df82040,0x000000077e100000)
  to   space 27136K, 0% used [0x000000077af00000,0x000000077af00000,0x000000077c980000)
 ParOldGen       total 175104K, used 21599K [0x00000006c1600000, 0x00000006cc100000, 0x000000076b200000)
  object space 175104K, 12% used [0x00000006c1600000,0x00000006c2b17de0,0x00000006cc100000)
 Metaspace       used 20593K, capacity 21066K, committed 21248K, reserved 1069056K
  class space    used 2362K, capacity 2468K, committed 2560K, reserved 1048576K
Event: 12.068 GC heap after
Heap after GC invocations=7 (full 0):
 PSYoungGen      total 286208K, used 27118K [0x000000076b200000, 0x000000078f100000, 0x00000007c0000000)
  eden space 259072K, 0% used [0x000000076b200000,0x000000076b200000,0x000000077af00000)
  from space 27136K, 99% used [0x000000077af00000,0x000000077c97b858,0x000000077c980000)
  to   space 35328K, 0% used [0x000000078ce80000,0x000000078ce80000,0x000000078f100000)
 ParOldGen       total 175104K, used 29593K [0x00000006c1600000, 0x00000006cc100000, 0x000000076b200000)
  object space 175104K, 16% used [0x00000006c1600000,0x00000006c32e64d0,0x00000006cc100000)
 Metaspace       used 20593K, capacity 21066K, committed 21248K, reserved 1069056K
  class space    used 2362K, capacity 2468K, committed 2560K, reserved 1048576K
}
Event: 12.068 GC heap before
{Heap before GC invocations=8 (full 1):
 PSYoungGen      total 286208K, used 27118K [0x000000076b200000, 0x000000078f100000, 0x00000007c0000000)
  eden space 259072K, 0% used [0x000000076b200000,0x000000076b200000,0x000000077af00000)
  from space 27136K, 99% used [0x000000077af00000,0x000000077c97b858,0x000000077c980000)
  to   space 35328K, 0% used [0x000000078ce80000,0x000000078ce80000,0x000000078f100000)
 ParOldGen       total 175104K, used 29593K [0x00000006c1600000, 0x00000006cc100000, 0x000000076b200000)
  object space 175104K, 16% used [0x00000006c1600000,0x00000006c32e64d0,0x00000006cc100000)
 Metaspace       used 20593K, capacity 21066K, committed 21248K, reserved 1069056K
  class space    used 2362K, capacity 2468K, committed 2560K, reserved 1048576K
Event: 12.290 GC heap after
Heap after GC invocations=8 (full 1):
 PSYoungGen      total 286208K, used 0K [0x000000076b200000, 0x000000078f100000, 0x00000007c0000000)
  eden space 259072K, 0% used [0x000000076b200000,0x000000076b200000,0x000000077af00000)
  from space 27136K, 0% used [0x000000077af00000,0x000000077af00000,0x000000077c980000)
  to   space 35328K, 0% used [0x000000078ce80000,0x000000078ce80000,0x000000078f100000)
 ParOldGen       total 158208K, used 53032K [0x00000006c1600000, 0x00000006cb080000, 0x000000076b200000)
  object space 158208K, 33% used [0x00000006c1600000,0x00000006c49ca238,0x00000006cb080000)
 Metaspace       used 20593K, capacity 21066K, committed 21248K, reserved 1069056K
  class space    used 2362K, capacity 2468K, committed 2560K, reserved 1048576K
}
Event: 13.728 GC heap before
{Heap before GC invocations=9 (full 1):
 PSYoungGen      total 286208K, used 259072K [0x000000076b200000, 0x000000078f100000, 0x00000007c0000000)
  eden space 259072K, 100% used [0x000000076b200000,0x000000077af00000,0x000000077af00000)
  from space 27136K, 0% used [0x000000077af00000,0x000000077af00000,0x000000077c980000)
  to   space 35328K, 0% used [0x000000078ce80000,0x000000078ce80000,0x000000078f100000)
 ParOldGen       total 158208K, used 53032K [0x00000006c1600000, 0x00000006cb080000, 0x000000076b200000)
  object space 158208K, 33% used [0x00000006c1600000,0x00000006c49ca238,0x00000006cb080000)
 Metaspace       used 26479K, capacity 27266K, committed 27648K, reserved 1073152K
  class space    used 3003K, capacity 3232K, committed 3328K, reserved 1048576K
Event: 13.760 GC heap after
Heap after GC invocations=9 (full 1):
 PSYoungGen      total 445952K, used 35311K [0x000000076b200000, 0x000000078f100000, 0x00000007c0000000)
  eden space 410624K, 0% used [0x000000076b200000,0x000000076b200000,0x0000000784300000)
  from space 35328K, 99% used [0x000000078ce80000,0x000000078f0fbce8,0x000000078f100000)
  to   space 43520K, 0% used [0x0000000789c00000,0x0000000789c00000,0x000000078c680000)
 ParOldGen       total 158208K, used 59384K [0x00000006c1600000, 0x00000006cb080000, 0x000000076b200000)
  object space 158208K, 37% used [0x00000006c1600000,0x00000006c4ffe3f8,0x00000006cb080000)
 Metaspace       used 26479K, capacity 27266K, committed 27648K, reserved 1073152K
  class space    used 3003K, capacity 3232K, committed 3328K, reserved 1048576K
}
Event: 14.429 GC heap before
{Heap before GC invocations=10 (full 1):
 PSYoungGen      total 445952K, used 445935K [0x000000076b200000, 0x000000078f100000, 0x00000007c0000000)
  eden space 410624K, 100% used [0x000000076b200000,0x0000000784300000,0x0000000784300000)
  from space 35328K, 99% used [0x000000078ce80000,0x000000078f0fbce8,0x000000078f100000)
  to   space 43520K, 0% used [0x0000000789c00000,0x0000000789c00000,0x000000078c680000)
 ParOldGen       total 158208K, used 59384K [0x00000006c1600000, 0x00000006cb080000, 0x000000076b200000)
  object space 158208K, 37% used [0x00000006c1600000,0x00000006c4ffe3f8,0x00000006cb080000)
 Metaspace       used 26990K, capacity 27914K, committed 28160K, reserved 1075200K
  class space    used 3054K, capacity 3292K, committed 3328K, reserved 1048576K
Event: 14.462 GC heap after
Heap after GC invocations=10 (full 1):
 PSYoungGen      total 545280K, used 40681K [0x000000076b200000, 0x0000000793a00000, 0x00000007c0000000)
  eden space 501760K, 0% used [0x000000076b200000,0x000000076b200000,0x0000000789c00000)
  from space 43520K, 93% used [0x0000000789c00000,0x000000078c3ba530,0x000000078c680000)
  to   space 48640K, 0% used [0x0000000790a80000,0x0000000790a80000,0x0000000793a00000)
 ParOldGen       total 158208K, used 59392K [0x00000006c1600000, 0x00000006cb080000, 0x000000076b200000)
  object space 158208K, 37% used [0x00000006c1600000,0x00000006c50003f8,0x00000006cb080000)
 Metaspace       used 26990K, capacity 27914K, committed 28160K, reserved 1075200K
  class space    used 3054K, capacity 3292K, committed 3328K, reserved 1048576K
}
Event: 15.027 GC heap before
{Heap before GC invocations=11 (full 1):
 PSYoungGen      total 545280K, used 542441K [0x000000076b200000, 0x0000000793a00000, 0x00000007c0000000)
  eden space 501760K, 100% used [0x000000076b200000,0x0000000789c00000,0x0000000789c00000)
  from space 43520K, 93% used [0x0000000789c00000,0x000000078c3ba530,0x000000078c680000)
  to   space 48640K, 0% used [0x0000000790a80000,0x0000000790a80000,0x0000000793a00000)
 ParOldGen       total 158208K, used 59392K [0x00000006c1600000, 0x00000006cb080000, 0x000000076b200000)
  object space 158208K, 37% used [0x00000006c1600000,0x00000006c50003f8,0x00000006cb080000)
 Metaspace       used 27019K, capacity 27978K, committed 28160K, reserved 1075200K
  class space    used 3054K, capacity 3292K, committed 3328K, reserved 1048576K
Event: 15.064 GC heap after
Heap after GC invocations=11 (full 1):
 PSYoungGen      total 615936K, used 16673K [0x000000076b200000, 0x000000079c080000, 0x00000007c0000000)
  eden space 567296K, 0% used [0x000000076b200000,0x000000076b200000,0x000000078dc00000)
  from space 48640K, 34% used [0x0000000790a80000,0x0000000791ac84b0,0x0000000793a00000)
  to   space 47616K, 0% used [0x000000078dc00000,0x000000078dc00000,0x0000000790a80000)
 ParOldGen       total 158208K, used 90784K [0x00000006c1600000, 0x00000006cb080000, 0x000000076b200000)
  object space 158208K, 57% used [0x00000006c1600000,0x00000006c6ea8140,0x00000006cb080000)
 Metaspace       used 27019K, capacity 27978K, committed 28160K, reserved 1075200K
  class space    used 3054K, capacity 3292K, committed 3328K, reserved 1048576K
}

